<?xml version="1.0" encoding="UTF-8"?>
<!-- Generated by org.testng.reporters.JUnitReportReporter -->
<testsuite hostname="MariyaJohnson" failures="0" tests="2" name="TestCases.Logintestcase" time="33.271" errors="0" timestamp="2021-09-02T10:55:44 IST" skipped="0">
  <testcase classname="TestCases.Logintestcase" name="LogintoApplication" time="18.588"/>
  <system-out/>
  <testcase classname="TestCases.Logintestcase" name="LogintoApplication" time="14.683"/>
  <system-out/>
</testsuite> <!-- TestCases.Logintestcase -->
