<?xml version="1.0" encoding="UTF-8"?>
<!-- Generated by org.testng.reporters.JUnitReportReporter -->
<testsuite hostname="MariyaJohnson" failures="0" tests="2" name="TestCases.Logintestcase" time="62.296" errors="0" timestamp="2021-09-01T19:48:23 IST" skipped="0">
  <testcase classname="TestCases.Logintestcase" name="LogintoApplication" time="22.521"/>
  <system-out/>
  <testcase classname="TestCases.Logintestcase" name="LogintoApplication" time="39.775"/>
  <system-out/>
</testsuite> <!-- TestCases.Logintestcase -->
